<component name="libraryTable">
  <library name="junit5">
    <CLASSES>
      <root url="file://$PROJECT_DIR$/../JavaOpsProjects/basejava/lib/junit5" />
      <root url="jar://$PROJECT_DIR$/../JavaOpsProjects/basejava/lib/activation-1.0.2.jar!/" />
      <root url="jar://$PROJECT_DIR$/../JavaOpsProjects/basejava/lib/apiguardian-api-1.1.2.jar!/" />
      <root url="file://$PROJECT_DIR$/../JavaOpsProjects/basejava/lib/junit-common" />
    </CLASSES>
    <JAVADOC />
    <SOURCES />
    <jarDirectory url="file://$PROJECT_DIR$/../JavaOpsProjects/basejava/lib/junit-common" recursive="false" />
    <jarDirectory url="file://$PROJECT_DIR$/../JavaOpsProjects/basejava/lib/junit5" recursive="false" />
  </library>
</component>